<?xml version="1.0" encoding="UTF-8"?>
<!-- Generated by org.testng.reporters.JUnitReportReporter -->
<testsuite hostname="DESKTOP-4E6H13B" failures="0" tests="4" name="tradeOxy.TradeOxy24" time="24.243" errors="0" timestamp="2024-11-26T23:29:44 IST" skipped="0">
  <testcase classname="tradeOxy.TradeOxy24" name="verifyPageTitle" time="0.114"/>
  <testcase classname="tradeOxy.TradeOxy24" name="testLoginForm" time="10.219"/>
  <testcase classname="tradeOxy.TradeOxy24" name="verifyElementPresence" time="10.038"/>
  <testcase classname="tradeOxy.TradeOxy24" name="tearDown" time="3.872"/>
</testsuite> <!-- tradeOxy.TradeOxy24 -->
